<?xml version="1.0" encoding="UTF-8"?>
<robot generator="Robot 7.0 (Python 3.12.2 on darwin)" generated="2024-07-02T12:01:12.952177" rpa="false" schemaversion="5">
<suite id="s1" name="RFW Polteq WebShop Lashin" source="/Users/vladimirlashin/Git/RFW_Polteq_WebShop_Lashin">
<suite id="s1-s1" name="Tests" source="/Users/vladimirlashin/Git/RFW_Polteq_WebShop_Lashin/tests">
<suite id="s1-s1-s1" name="Complex Test" source="/Users/vladimirlashin/Git/RFW_Polteq_WebShop_Lashin/tests/complex_test.robot">
<test id="s1-s1-s1-t1" name="Complex test case" line="14">
<kw name="Open Page" owner="main" type="SETUP">
<kw name="Get Chrome Options" owner="main">
<kw name="Evaluate" owner="BuiltIn">
<msg time="2024-07-02T12:01:13.214020" level="INFO">${options} = &lt;selenium.webdriver.chrome.options.Options object at 0x110f39d00&gt;</msg>
<var>${options}</var>
<arg>test_setup.get_chrome_options()</arg>
<arg>modules=test_setup</arg>
<doc>Evaluates the given expression in Python and returns the result.</doc>
<status status="PASS" start="2024-07-02T12:01:13.213429" elapsed="0.000801"/>
</kw>
<return>
<value>${options}</value>
<status status="PASS" start="2024-07-02T12:01:13.214456" elapsed="0.000164"/>
</return>
<msg time="2024-07-02T12:01:13.214902" level="INFO">${options} = &lt;selenium.webdriver.chrome.options.Options object at 0x110f39d00&gt;</msg>
<var>${options}</var>
<status status="PASS" start="2024-07-02T12:01:13.212181" elapsed="0.002894"/>
</kw>
<kw name="Open Browser" owner="SeleniumLibrary">
<msg time="2024-07-02T12:01:13.216803" level="INFO">Opening browser 'chrome' to base url 'https://testshop.polteq-testing.com'.</msg>
<arg>${web_page}</arg>
<arg>${browser}</arg>
<arg>options=${options}</arg>
<doc>Opens a new browser instance to the optional ``url``.</doc>
<status status="PASS" start="2024-07-02T12:01:13.215411" elapsed="6.832812"/>
</kw>
<kw name="Maximize Browser Window" owner="SeleniumLibrary">
<msg time="2024-07-02T12:01:20.055617" level="WARN">Keyword 'Capture Page Screenshot' could not be run on failure: Message: no such window: target window already closed
from unknown error: web view not found
  (Session info: chrome=126.0.6478.127)
Stacktrace:
0   chromedriver                        0x000000010b6450e8 chromedriver + 5169384
1   chromedriver                        0x000000010b63cfba chromedriver + 5136314
2   chromedriver                        0x000000010b1b936c chromedriver + 402284
3   chromedriver                        0x000000010b18e5f4 chromedriver + 226804
4   chromedriver                        0x000000010b23253d chromedriver + 898365
5   chromedriver                        0x000000010b248908 chromedriver + 989448
6   chromedriver                        0x000000010b229853 chromedriver + 862291
7   chromedriver                        0x000000010b1f95c6 chromedriver + 665030
8   chromedriver                        0x000000010b1f9e4e chromedriver + 667214
9   chromedriver                        0x000000010b607d00 chromedriver + 4918528
10  chromedriver                        0x000000010b60ccfd chromedriver + 4939005
11  chromedriver                        0x000000010b60d3d5 chromedriver + 4940757
12  chromedriver                        0x000000010b5e8de4 chromedriver + 4791780
13  chromedriver                        0x000000010b60d6c9 chromedriver + 4941513
14  chromedriver                        0x000000010b5da5b4 chromedriver + 4732340
15  chromedriver                        0x000000010b62d898 chromedriver + 5073048
16  chromedriver                        0x000000010b62da57 chromedriver + 5073495
17  chromedriver                        0x000000010b63cb6e chromedriver + 5135214
18  libsystem_pthread.dylib             0x00007ff808d7218b _pthread_start + 99
19  libsystem_pthread.dylib             0x00007ff808d6dae3 thread_start + 15
</msg>
<msg time="2024-07-02T12:01:20.058271" level="FAIL">NoSuchWindowException: Message: no such window: target window already closed
from unknown error: web view not found
  (Session info: chrome=126.0.6478.127)
Stacktrace:
0   chromedriver                        0x000000010b6450e8 chromedriver + 5169384
1   chromedriver                        0x000000010b63cfba chromedriver + 5136314
2   chromedriver                        0x000000010b1b936c chromedriver + 402284
3   chromedriver                        0x000000010b18e5f4 chromedriver + 226804
4   chromedriver                        0x000000010b23253d chromedriver + 898365
5   chromedriver                        0x000000010b248908 chromedriver + 989448
6   chromedriver                        0x000000010b229853 chromedriver + 862291
7   chromedriver                        0x000000010b1f95c6 chromedriver + 665030
8   chromedriver                        0x000000010b1f9e4e chromedriver + 667214
9   chromedriver                        0x000000010b607d00 chromedriver + 4918528
10  chromedriver                        0x000000010b60ccfd chromedriver + 4939005
11  chromedriver                        0x000000010b60d3d5 chromedriver + 4940757
12  chromedriver                        0x000000010b5e8de4 chromedriver + 4791780
13  chromedriver                        0x000000010b60d6c9 chromedriver + 4941513
14  chromedriver                        0x000000010b5da5b4 chromedriver + 4732340
15  chromedriver                        0x000000010b62d898 chromedriver + 5073048
16  chromedriver                        0x000000010b62da57 chromedriver + 5073495
17  chromedriver                        0x000000010b63cb6e chromedriver + 5135214
18  libsystem_pthread.dylib             0x00007ff808d7218b _pthread_start + 99
19  libsystem_pthread.dylib             0x00007ff808d6dae3 thread_start + 15
</msg>
<doc>Maximizes current browser window.</doc>
<status status="FAIL" start="2024-07-02T12:01:20.049649" elapsed="0.015455">NoSuchWindowException: Message: no such window: target window already closed
from unknown error: web view not found
  (Session info: chrome=126.0.6478.127)
Stacktrace:
0   chromedriver                        0x000000010b6450e8 chromedriver + 5169384
1   chromedriver                        0x000000010b63cfba chromedriver + 5136314
2   chromedriver                        0x000000010b1b936c chromedriver + 402284
3   chromedriver                        0x000000010b18e5f4 chromedriver + 226804
4   chromedriver                        0x000000010b23253d chromedriver + 898365
5   chromedriver                        0x000000010b248908 chromedriver + 989448
6   chromedriver                        0x000000010b229853 chromedriver + 862291
7   chromedriver                        0x000000010b1f95c6 chromedriver + 665030
    [ Message content over the limit has been removed. ]
9   chromedriver                        0x000000010b607d00 chromedriver + 4918528
10  chromedriver                        0x000000010b60ccfd chromedriver + 4939005
11  chromedriver                        0x000000010b60d3d5 chromedriver + 4940757
12  chromedriver                        0x000000010b5e8de4 chromedriver + 4791780
13  chromedriver                        0x000000010b60d6c9 chromedriver + 4941513
14  chromedriver                        0x000000010b5da5b4 chromedriver + 4732340
15  chromedriver                        0x000000010b62d898 chromedriver + 5073048
16  chromedriver                        0x000000010b62da57 chromedriver + 5073495
17  chromedriver                        0x000000010b63cb6e chromedriver + 5135214
18  libsystem_pthread.dylib             0x00007ff808d7218b _pthread_start + 99
19  libsystem_pthread.dylib             0x00007ff808d6dae3 thread_start + 15</status>
</kw>
<status status="FAIL" start="2024-07-02T12:01:13.211367" elapsed="6.854402">NoSuchWindowException: Message: no such window: target window already closed
from unknown error: web view not found
  (Session info: chrome=126.0.6478.127)
Stacktrace:
0   chromedriver                        0x000000010b6450e8 chromedriver + 5169384
1   chromedriver                        0x000000010b63cfba chromedriver + 5136314
2   chromedriver                        0x000000010b1b936c chromedriver + 402284
3   chromedriver                        0x000000010b18e5f4 chromedriver + 226804
4   chromedriver                        0x000000010b23253d chromedriver + 898365
5   chromedriver                        0x000000010b248908 chromedriver + 989448
6   chromedriver                        0x000000010b229853 chromedriver + 862291
7   chromedriver                        0x000000010b1f95c6 chromedriver + 665030
    [ Message content over the limit has been removed. ]
9   chromedriver                        0x000000010b607d00 chromedriver + 4918528
10  chromedriver                        0x000000010b60ccfd chromedriver + 4939005
11  chromedriver                        0x000000010b60d3d5 chromedriver + 4940757
12  chromedriver                        0x000000010b5e8de4 chromedriver + 4791780
13  chromedriver                        0x000000010b60d6c9 chromedriver + 4941513
14  chromedriver                        0x000000010b5da5b4 chromedriver + 4732340
15  chromedriver                        0x000000010b62d898 chromedriver + 5073048
16  chromedriver                        0x000000010b62da57 chromedriver + 5073495
17  chromedriver                        0x000000010b63cb6e chromedriver + 5135214
18  libsystem_pthread.dylib             0x00007ff808d7218b _pthread_start + 99
19  libsystem_pthread.dylib             0x00007ff808d6dae3 thread_start + 15</status>
</kw>
<kw name="Close Page" owner="main" type="TEARDOWN">
<kw name="Delete All Cookies" owner="SeleniumLibrary">
<msg time="2024-07-02T12:01:20.070789" level="WARN">Keyword 'Capture Page Screenshot' could not be run on failure: Message: no such window: target window already closed
from unknown error: web view not found
  (Session info: chrome=126.0.6478.127)
Stacktrace:
0   chromedriver                        0x000000010b6450e8 chromedriver + 5169384
1   chromedriver                        0x000000010b63cfba chromedriver + 5136314
2   chromedriver                        0x000000010b1b936c chromedriver + 402284
3   chromedriver                        0x000000010b18e5f4 chromedriver + 226804
4   chromedriver                        0x000000010b23253d chromedriver + 898365
5   chromedriver                        0x000000010b248908 chromedriver + 989448
6   chromedriver                        0x000000010b229853 chromedriver + 862291
7   chromedriver                        0x000000010b1f95c6 chromedriver + 665030
8   chromedriver                        0x000000010b1f9e4e chromedriver + 667214
9   chromedriver                        0x000000010b607d00 chromedriver + 4918528
10  chromedriver                        0x000000010b60ccfd chromedriver + 4939005
11  chromedriver                        0x000000010b60d3d5 chromedriver + 4940757
12  chromedriver                        0x000000010b5e8de4 chromedriver + 4791780
13  chromedriver                        0x000000010b60d6c9 chromedriver + 4941513
14  chromedriver                        0x000000010b5da5b4 chromedriver + 4732340
15  chromedriver                        0x000000010b62d898 chromedriver + 5073048
16  chromedriver                        0x000000010b62da57 chromedriver + 5073495
17  chromedriver                        0x000000010b63cb6e chromedriver + 5135214
18  libsystem_pthread.dylib             0x00007ff808d7218b _pthread_start + 99
19  libsystem_pthread.dylib             0x00007ff808d6dae3 thread_start + 15
</msg>
<msg time="2024-07-02T12:01:20.072720" level="FAIL">NoSuchWindowException: Message: no such window: target window already closed
from unknown error: web view not found
  (Session info: chrome=126.0.6478.127)
Stacktrace:
0   chromedriver                        0x000000010b6450e8 chromedriver + 5169384
1   chromedriver                        0x000000010b63cfba chromedriver + 5136314
2   chromedriver                        0x000000010b1b936c chromedriver + 402284
3   chromedriver                        0x000000010b18e5f4 chromedriver + 226804
4   chromedriver                        0x000000010b23253d chromedriver + 898365
5   chromedriver                        0x000000010b248908 chromedriver + 989448
6   chromedriver                        0x000000010b229853 chromedriver + 862291
7   chromedriver                        0x000000010b1f95c6 chromedriver + 665030
8   chromedriver                        0x000000010b1f9e4e chromedriver + 667214
9   chromedriver                        0x000000010b607d00 chromedriver + 4918528
10  chromedriver                        0x000000010b60ccfd chromedriver + 4939005
11  chromedriver                        0x000000010b60d3d5 chromedriver + 4940757
12  chromedriver                        0x000000010b5e8de4 chromedriver + 4791780
13  chromedriver                        0x000000010b60d6c9 chromedriver + 4941513
14  chromedriver                        0x000000010b5da5b4 chromedriver + 4732340
15  chromedriver                        0x000000010b62d898 chromedriver + 5073048
16  chromedriver                        0x000000010b62da57 chromedriver + 5073495
17  chromedriver                        0x000000010b63cb6e chromedriver + 5135214
18  libsystem_pthread.dylib             0x00007ff808d7218b _pthread_start + 99
19  libsystem_pthread.dylib             0x00007ff808d6dae3 thread_start + 15
</msg>
<doc>Deletes all cookies.</doc>
<status status="FAIL" start="2024-07-02T12:01:20.067631" elapsed="0.007842">NoSuchWindowException: Message: no such window: target window already closed
from unknown error: web view not found
  (Session info: chrome=126.0.6478.127)
Stacktrace:
0   chromedriver                        0x000000010b6450e8 chromedriver + 5169384
1   chromedriver                        0x000000010b63cfba chromedriver + 5136314
2   chromedriver                        0x000000010b1b936c chromedriver + 402284
3   chromedriver                        0x000000010b18e5f4 chromedriver + 226804
4   chromedriver                        0x000000010b23253d chromedriver + 898365
5   chromedriver                        0x000000010b248908 chromedriver + 989448
6   chromedriver                        0x000000010b229853 chromedriver + 862291
7   chromedriver                        0x000000010b1f95c6 chromedriver + 665030
    [ Message content over the limit has been removed. ]
9   chromedriver                        0x000000010b607d00 chromedriver + 4918528
10  chromedriver                        0x000000010b60ccfd chromedriver + 4939005
11  chromedriver                        0x000000010b60d3d5 chromedriver + 4940757
12  chromedriver                        0x000000010b5e8de4 chromedriver + 4791780
13  chromedriver                        0x000000010b60d6c9 chromedriver + 4941513
14  chromedriver                        0x000000010b5da5b4 chromedriver + 4732340
15  chromedriver                        0x000000010b62d898 chromedriver + 5073048
16  chromedriver                        0x000000010b62da57 chromedriver + 5073495
17  chromedriver                        0x000000010b63cb6e chromedriver + 5135214
18  libsystem_pthread.dylib             0x00007ff808d7218b _pthread_start + 99
19  libsystem_pthread.dylib             0x00007ff808d6dae3 thread_start + 15</status>
</kw>
<kw name="Close All Browsers" owner="SeleniumLibrary">
<doc>Closes all open browsers and resets the browser cache.</doc>
<status status="PASS" start="2024-07-02T12:01:20.075858" elapsed="0.124660"/>
</kw>
<status status="FAIL" start="2024-07-02T12:01:20.067007" elapsed="0.133922">NoSuchWindowException: Message: no such window: target window already closed
from unknown error: web view not found
  (Session info: chrome=126.0.6478.127)
Stacktrace:
0   chromedriver                        0x000000010b6450e8 chromedriver + 5169384
1   chromedriver                        0x000000010b63cfba chromedriver + 5136314
2   chromedriver                        0x000000010b1b936c chromedriver + 402284
3   chromedriver                        0x000000010b18e5f4 chromedriver + 226804
4   chromedriver                        0x000000010b23253d chromedriver + 898365
5   chromedriver                        0x000000010b248908 chromedriver + 989448
6   chromedriver                        0x000000010b229853 chromedriver + 862291
7   chromedriver                        0x000000010b1f95c6 chromedriver + 665030
    [ Message content over the limit has been removed. ]
9   chromedriver                        0x000000010b607d00 chromedriver + 4918528
10  chromedriver                        0x000000010b60ccfd chromedriver + 4939005
11  chromedriver                        0x000000010b60d3d5 chromedriver + 4940757
12  chromedriver                        0x000000010b5e8de4 chromedriver + 4791780
13  chromedriver                        0x000000010b60d6c9 chromedriver + 4941513
14  chromedriver                        0x000000010b5da5b4 chromedriver + 4732340
15  chromedriver                        0x000000010b62d898 chromedriver + 5073048
16  chromedriver                        0x000000010b62da57 chromedriver + 5073495
17  chromedriver                        0x000000010b63cb6e chromedriver + 5135214
18  libsystem_pthread.dylib             0x00007ff808d7218b _pthread_start + 99
19  libsystem_pthread.dylib             0x00007ff808d6dae3 thread_start + 15</status>
</kw>
<status status="FAIL" start="2024-07-02T12:01:13.210041" elapsed="6.991227">Setup failed:
NoSuchWindowException: Message: no such window: target window already closed
from unknown error: web view not found
  (Session info: chrome=126.0.6478.127)
Stacktrace:
0   chromedriver                        0x000000010b6450e8 chromedriver + 5169384
1   chromedriver                        0x000000010b63cfba chromedriver + 5136314
2   chromedriver                        0x000000010b1b936c chromedriver + 402284
3   chromedriver                        0x000000010b18e5f4 chromedriver + 226804
4   chromedriver                        0x000000010b23253d chromedriver + 898365
5   chromedriver                        0x000000010b248908 chromedriver + 989448
6   chromedriver                        0x000000010b229853 chromedriver + 862291
7   chromedriver                        0x000000010b1f95c6 chromedriver + 665030
    [ Message content over the limit has been removed. ]
9   chromedriver                        0x000000010b607d00 chromedriver + 4918528
10  chromedriver                        0x000000010b60ccfd chromedriver + 4939005
11  chromedriver                        0x000000010b60d3d5 chromedriver + 4940757
12  chromedriver                        0x000000010b5e8de4 chromedriver + 4791780
13  chromedriver                        0x000000010b60d6c9 chromedriver + 4941513
14  chromedriver                        0x000000010b5da5b4 chromedriver + 4732340
15  chromedriver                        0x000000010b62d898 chromedriver + 5073048
16  chromedriver                        0x000000010b62da57 chromedriver + 5073495
17  chromedriver                        0x000000010b63cb6e chromedriver + 5135214
18  libsystem_pthread.dylib             0x00007ff808d7218b _pthread_start + 99
19  libsystem_pthread.dylib             0x00007ff808d6dae3 thread_start + 15

Also teardown failed:
NoSuchWindowException: Message: no such window: target window already closed
from unknown error: web view not found
  (Session info: chrome=126.0.6478.127)
Stacktrace:
0   chromedriver                        0x000000010b6450e8 chromedriver + 5169384
1   chromedriver                        0x000000010b63cfba chromedriver + 5136314
2   chromedriver                        0x000000010b1b936c chromedriver + 402284
3   chromedriver                        0x000000010b18e5f4 chromedriver + 226804
4   chromedriver                        0x000000010b23253d chromedriver + 898365
5   chromedriver                        0x000000010b248908 chromedriver + 989448
6   chromedriver                        0x000000010b229853 chromedriver + 862291
7   chromedriver                        0x000000010b1f95c6 chromedriver + 665030
    [ Message content over the limit has been removed. ]
9   chromedriver                        0x000000010b607d00 chromedriver + 4918528
10  chromedriver                        0x000000010b60ccfd chromedriver + 4939005
11  chromedriver                        0x000000010b60d3d5 chromedriver + 4940757
12  chromedriver                        0x000000010b5e8de4 chromedriver + 4791780
13  chromedriver                        0x000000010b60d6c9 chromedriver + 4941513
14  chromedriver                        0x000000010b5da5b4 chromedriver + 4732340
15  chromedriver                        0x000000010b62d898 chromedriver + 5073048
16  chromedriver                        0x000000010b62da57 chromedriver + 5073495
17  chromedriver                        0x000000010b63cb6e chromedriver + 5135214
18  libsystem_pthread.dylib             0x00007ff808d7218b _pthread_start + 99
19  libsystem_pthread.dylib             0x00007ff808d6dae3 thread_start + 15</status>
</test>
<doc>This is first test</doc>
<status status="FAIL" start="2024-07-02T12:01:13.005141" elapsed="7.198015"/>
</suite>
<status status="FAIL" start="2024-07-02T12:01:13.003292" elapsed="7.201845"/>
</suite>
<status status="FAIL" start="2024-07-02T12:01:12.956603" elapsed="7.249956"/>
</suite>
<statistics>
<total>
<stat pass="0" fail="1" skip="0">All Tests</stat>
</total>
<tag>
</tag>
<suite>
<stat pass="0" fail="1" skip="0" id="s1" name="RFW Polteq WebShop Lashin">RFW Polteq WebShop Lashin</stat>
<stat pass="0" fail="1" skip="0" id="s1-s1" name="Tests">RFW Polteq WebShop Lashin.Tests</stat>
<stat pass="0" fail="1" skip="0" id="s1-s1-s1" name="Complex Test">RFW Polteq WebShop Lashin.Tests.Complex Test</stat>
</suite>
</statistics>
<errors>
<msg time="2024-07-02T12:01:20.055617" level="WARN">Keyword 'Capture Page Screenshot' could not be run on failure: Message: no such window: target window already closed
from unknown error: web view not found
  (Session info: chrome=126.0.6478.127)
Stacktrace:
0   chromedriver                        0x000000010b6450e8 chromedriver + 5169384
1   chromedriver                        0x000000010b63cfba chromedriver + 5136314
2   chromedriver                        0x000000010b1b936c chromedriver + 402284
3   chromedriver                        0x000000010b18e5f4 chromedriver + 226804
4   chromedriver                        0x000000010b23253d chromedriver + 898365
5   chromedriver                        0x000000010b248908 chromedriver + 989448
6   chromedriver                        0x000000010b229853 chromedriver + 862291
7   chromedriver                        0x000000010b1f95c6 chromedriver + 665030
8   chromedriver                        0x000000010b1f9e4e chromedriver + 667214
9   chromedriver                        0x000000010b607d00 chromedriver + 4918528
10  chromedriver                        0x000000010b60ccfd chromedriver + 4939005
11  chromedriver                        0x000000010b60d3d5 chromedriver + 4940757
12  chromedriver                        0x000000010b5e8de4 chromedriver + 4791780
13  chromedriver                        0x000000010b60d6c9 chromedriver + 4941513
14  chromedriver                        0x000000010b5da5b4 chromedriver + 4732340
15  chromedriver                        0x000000010b62d898 chromedriver + 5073048
16  chromedriver                        0x000000010b62da57 chromedriver + 5073495
17  chromedriver                        0x000000010b63cb6e chromedriver + 5135214
18  libsystem_pthread.dylib             0x00007ff808d7218b _pthread_start + 99
19  libsystem_pthread.dylib             0x00007ff808d6dae3 thread_start + 15
</msg>
<msg time="2024-07-02T12:01:20.070789" level="WARN">Keyword 'Capture Page Screenshot' could not be run on failure: Message: no such window: target window already closed
from unknown error: web view not found
  (Session info: chrome=126.0.6478.127)
Stacktrace:
0   chromedriver                        0x000000010b6450e8 chromedriver + 5169384
1   chromedriver                        0x000000010b63cfba chromedriver + 5136314
2   chromedriver                        0x000000010b1b936c chromedriver + 402284
3   chromedriver                        0x000000010b18e5f4 chromedriver + 226804
4   chromedriver                        0x000000010b23253d chromedriver + 898365
5   chromedriver                        0x000000010b248908 chromedriver + 989448
6   chromedriver                        0x000000010b229853 chromedriver + 862291
7   chromedriver                        0x000000010b1f95c6 chromedriver + 665030
8   chromedriver                        0x000000010b1f9e4e chromedriver + 667214
9   chromedriver                        0x000000010b607d00 chromedriver + 4918528
10  chromedriver                        0x000000010b60ccfd chromedriver + 4939005
11  chromedriver                        0x000000010b60d3d5 chromedriver + 4940757
12  chromedriver                        0x000000010b5e8de4 chromedriver + 4791780
13  chromedriver                        0x000000010b60d6c9 chromedriver + 4941513
14  chromedriver                        0x000000010b5da5b4 chromedriver + 4732340
15  chromedriver                        0x000000010b62d898 chromedriver + 5073048
16  chromedriver                        0x000000010b62da57 chromedriver + 5073495
17  chromedriver                        0x000000010b63cb6e chromedriver + 5135214
18  libsystem_pthread.dylib             0x00007ff808d7218b _pthread_start + 99
19  libsystem_pthread.dylib             0x00007ff808d6dae3 thread_start + 15
</msg>
</errors>
</robot>
